<?xml version="1.0" encoding="UTF-8"?>
<testng-results skipped="0" failed="0" ignored="0" total="1" passed="1">
  <reporter-output>
  </reporter-output>
  <suite name="Default suite" duration-ms="50988" started-at="2020-01-25T22:46:42 PST" finished-at="2020-01-25T22:47:33 PST">
    <groups>
    </groups>
    <test name="Default test" duration-ms="50988" started-at="2020-01-25T22:46:42 PST" finished-at="2020-01-25T22:47:33 PST">
      <class name="com.amazon.qa.testcases.ElementpageTest">
        <test-method status="PASS" signature="setup()[pri:0, instance:com.amazon.qa.testcases.ElementpageTest@6895a785]" name="setup" is-config="true" duration-ms="25084" started-at="2020-01-25T22:46:42 PST" finished-at="2020-01-25T22:47:07 PST">
          <reporter-output>
          </reporter-output>
        </test-method> <!-- setup -->
        <test-method status="PASS" signature="ElementAdd()[pri:0, instance:com.amazon.qa.testcases.ElementpageTest@6895a785]" name="ElementAdd" duration-ms="25855" started-at="2020-01-25T22:47:07 PST" finished-at="2020-01-25T22:47:33 PST">
          <reporter-output>
          </reporter-output>
        </test-method> <!-- ElementAdd -->
      </class> <!-- com.amazon.qa.testcases.ElementpageTest -->
    </test> <!-- Default test -->
  </suite> <!-- Default suite -->
</testng-results>
